<?xml version="1.0" encoding="UTF-8"?>
<testng-results ignored="0" total="1" passed="1" failed="0" skipped="0">
  <reporter-output>
  </reporter-output>
  <suite started-at="2024-05-06T22:01:23Z" name="Suite" finished-at="2024-05-06T22:01:25Z" duration-ms="2906">
    <groups>
    </groups>
    <test started-at="2024-05-06T22:01:23Z" name="Test" finished-at="2024-05-06T22:01:25Z" duration-ms="2906">
      <class name="com.todos.tests.AddTodoTest">
        <test-method is-config="true" signature="setupTest(java.lang.String)[pri:0, instance:com.todos.tests.AddTodoTest@6dbb137d]" started-at="2024-05-06T23:01:23Z" name="setupTest" finished-at="2024-05-06T23:01:25Z" duration-ms="2538" status="PASS">
          <params>
            <param index="0">
              <value>
                <![CDATA[chrome]]>
              </value>
            </param>
          </params>
          <reporter-output>
          </reporter-output>
        </test-method> <!-- setupTest -->
        <test-method signature="iCanAddTodo()[pri:0, instance:com.todos.tests.AddTodoTest@6dbb137d]" started-at="2024-05-06T23:01:25Z" name="iCanAddTodo" finished-at="2024-05-06T23:01:25Z" duration-ms="187" status="PASS">
          <reporter-output>
          </reporter-output>
        </test-method> <!-- iCanAddTodo -->
        <test-method is-config="true" signature="tearDown()[pri:0, instance:com.todos.tests.AddTodoTest@6dbb137d]" started-at="2024-05-06T23:01:25Z" name="tearDown" finished-at="2024-05-06T23:01:25Z" duration-ms="167" status="PASS">
          <reporter-output>
          </reporter-output>
        </test-method> <!-- tearDown -->
      </class> <!-- com.todos.tests.AddTodoTest -->
    </test> <!-- Test -->
  </suite> <!-- Suite -->
</testng-results>
